\BOOKMARK [1][-]{section.1}{The scattering problem outside an open curve}{}% 1
\BOOKMARK [1][-]{section.2}{Analytical setting}{}% 2
\BOOKMARK [2][-]{subsection.2.1}{Spaces Ts and Us}{section.2}% 3
\BOOKMARK [3][-]{subsubsection.2.1.1}{Definitions}{subsection.2.1}% 4
\BOOKMARK [3][-]{subsubsection.2.1.2}{Basic properties}{subsection.2.1}% 5
\BOOKMARK [3][-]{subsubsection.2.1.3}{Characterization of Tn and Un.}{subsection.2.1}% 6
\BOOKMARK [2][-]{subsection.2.2}{Some classes of operators on Ts}{section.2}% 7
\BOOKMARK [1][-]{section.3}{Laplace equation on a flat segment}{}% 8
\BOOKMARK [2][-]{subsection.3.1}{Single layer equation}{section.3}% 9
\BOOKMARK [2][-]{subsection.3.2}{Hypersingular equation}{section.3}% 10
\BOOKMARK [1][-]{section.4}{Helmholtz equation}{}% 11
\BOOKMARK [2][-]{subsection.4.1}{Dirichlet problem}{section.4}% 12
\BOOKMARK [2][-]{subsection.4.2}{Neumann problem}{section.4}% 13
\BOOKMARK [2][-]{subsection.4.3}{Non-flat arc}{section.4}% 14
\BOOKMARK [2][-]{subsection.4.4}{Numerical results}{section.4}% 15
\BOOKMARK [1][-]{section.5}{Numerical methods}{}% 16
\BOOKMARK [2][-]{subsection.5.1}{Galerkine setting}{section.5}% 17
\BOOKMARK [3][-]{subsubsection.5.1.1}{Dirichlet problem}{subsection.5.1}% 18
\BOOKMARK [3][-]{subsubsection.5.1.2}{Neumann problem}{subsection.5.1}% 19
\BOOKMARK [3][-]{subsubsection.5.1.3}{Numerical quadratures and compression method}{subsection.5.1}% 20
\BOOKMARK [2][-]{subsection.5.2}{Preconditioning the linear systems}{section.5}% 21
\BOOKMARK [1][-]{section.6}{Conclu}{}% 22
\BOOKMARK [1][-]{appendix.A}{Commutation of N and \(x \)2 + k22}{}% 23
\BOOKMARK [1][-]{appendix.B}{Proof of Theorem 7}{}% 24
\BOOKMARK [1][-]{appendix.C}{Suggestion de d\351coupage}{}% 25
