-- FreeFem++ v  3.380001 (date Mon Jun 29 13:19:02 GMT 2015)
 Load: lg_fem lg_mesh lg_mesh3 eigenvalue
    1 : real theta = 4.*pi/3.;
    2 : real a = 2., b = 1.;
    3 : func z = x;
 *** Warning  The identifier z hide a Global identifier
 
    4 : border Gamma1(t=0,theta) {x = a*cos(t); y = b*sin(t);}
    5 : border Gamma2(t=theta,2*pi) {x = a*cos(t); y = b*sin(t);}
    6 : mesh Th = buildmesh(Gamma1(100) + Gamma2(50) );
    7 : fespace Vh(Th,P2);
    8 : Vh phi, w, f = 1;
    9 :
   10 : solve Laplace(phi,w) =
   11 : int2d(Th)(dx(phi)*dx(w) + dy(phi)*dy(w)) - int2d(Th)(f*w) + on(Gamma1,phi=z);
   12 : plot(phi,wait = true);
   13 : plot(Th,wait = true);
   14 :
   15 :  sizestack + 1024 =1536  ( 512 )
 
  --  mesh:  Nb of Triangles =   2576, Nb of Vertices 1364
  -- Solve :
          min -2  max 2
times: compile 0.038s, execution 0.243s,  mpirank:0
 CodeAlloc : nb ptr  2620,  size :172776 mpirank: 0
Ok: Normal End
 try getConsole C:\Users\Martin\Documents\Scolaire\These\MonitoratMap431\Exemple1.edp
