\BOOKMARK [0][-]{chapter*.2}{Introduction \(fran\347ais\)}{}% 1
\BOOKMARK [0][-]{chapter*.3}{Introduction \(english\)}{}% 2
\BOOKMARK [0][-]{chapter.1}{Efficient Bessel Decomposition}{}% 3
\BOOKMARK [1][-]{section.1.1}{Summary of the algorithm}{chapter.1}% 4
\BOOKMARK [2][-]{subsection.1.1.1}{Trigonometric representation}{section.1.1}% 5
\BOOKMARK [2][-]{subsection.1.1.2}{Description of the algorithm and complexity}{section.1.1}% 6
\BOOKMARK [1][-]{section.1.2}{Series of Bessel functions and error estimates}{chapter.1}% 7
\BOOKMARK [2][-]{subsection.1.2.1}{Radial eigenfunctions of Laplace's operator with Dirichlet boundary conditions}{section.1.2}% 8
\BOOKMARK [2][-]{subsection.1.2.2}{Truncation error for smooth functions}{section.1.2}% 9
\BOOKMARK [2][-]{subsection.1.2.3}{Other boundary conditions}{section.1.2}% 10
\BOOKMARK [1][-]{section.1.3}{Efficient Bessel Decomposition}{chapter.1}% 11
\BOOKMARK [2][-]{subsection.1.3.1}{Definition}{section.1.3}% 12
\BOOKMARK [2][-]{subsection.1.3.2}{Numerical computation of the EBD}{section.1.3}% 13
\BOOKMARK [1][-]{section.1.4}{Error estimates}{chapter.1}% 14
\BOOKMARK [2][-]{subsection.1.4.1}{Laplace kernel}{section.1.4}% 15
\BOOKMARK [2][-]{subsection.1.4.2}{Helmholtz kernel}{section.1.4}% 16
\BOOKMARK [2][-]{subsection.1.4.3}{General kernel : enforcing the multi-Dirichlet condition}{section.1.4}% 17
\BOOKMARK [1][-]{section.1.5}{Circular quadrature}{chapter.1}% 18
\BOOKMARK [1][-]{section.1.6}{Proof of the complexity}{chapter.1}% 19
\BOOKMARK [2][-]{subsection.1.6.1}{Offline computations}{section.1.6}% 20
\BOOKMARK [2][-]{subsection.1.6.2}{Online Computations}{section.1.6}% 21
\BOOKMARK [1][-]{section.1.7}{Performance of the method and comparison with Fastsum}{chapter.1}% 22
\BOOKMARK [0][-]{chapter.2}{Laplace and Helmholtz equations on open curves}{}% 23
\BOOKMARK [1][-]{section.2.1}{Introduction}{chapter.2}% 24
\BOOKMARK [1][-]{section.2.2}{The scattering problem outside an open curve}{chapter.2}% 25
\BOOKMARK [1][-]{section.2.3}{Laplace equation on a flat segment}{chapter.2}% 26
\BOOKMARK [2][-]{subsection.2.3.1}{Analytical setting}{section.2.3}% 27
\BOOKMARK [2][-]{subsection.2.3.2}{Single layer equation}{section.2.3}% 28
\BOOKMARK [2][-]{subsection.2.3.3}{Hypersingular equation}{section.2.3}% 29
\BOOKMARK [1][-]{section.2.4}{Helmholtz equation}{chapter.2}% 30
\BOOKMARK [1][-]{section.2.5}{Numerical results}{chapter.2}% 31
\BOOKMARK [2][-]{subsection.2.5.1}{Galerkin setting}{section.2.5}% 32
\BOOKMARK [2][-]{subsection.2.5.2}{Preconditioning the linear systems}{section.2.5}% 33
\BOOKMARK [2][-]{subsection.2.5.3}{Numerical results}{section.2.5}% 34
\BOOKMARK [1][-]{section.2.6}{Conclusion}{chapter.2}% 35
